<?xml version="1.0" encoding="UTF-8"?>
<testsuite name="TestDataClasses" tests="1" skipped="0" failures="0" errors="0" timestamp="2019-09-14T22:10:22" hostname="RgMacBookPro.fios-router.home" time="0.03">
  <properties/>
  <testcase name="testListOfPeople" classname="TestDataClasses" time="0.03"/>
  <system-out><![CDATA[]]></system-out>
  <system-err><![CDATA[]]></system-err>
</testsuite>
