<?xml version="1.0" encoding="UTF-8"?>
<testsuite name="TestFunctions" tests="1" skipped="0" failures="0" errors="0" timestamp="2019-09-14T19:29:05" hostname="RgMacBookPro.fios-router.home" time="0.032">
  <properties/>
  <testcase name="collection" classname="TestFunctions" time="0.032"/>
  <system-out><![CDATA[]]></system-out>
  <system-err><![CDATA[]]></system-err>
</testsuite>
