<?xml version="1.0" encoding="UTF-8"?>
<testsuite name="TestNamedArguments" tests="1" skipped="0" failures="0" errors="0" timestamp="2019-09-14T19:46:39" hostname="RgMacBookPro.fios-router.home" time="0.042">
  <properties/>
  <testcase name="testJoinToString" classname="TestNamedArguments" time="0.042"/>
  <system-out><![CDATA[]]></system-out>
  <system-err><![CDATA[]]></system-err>
</testsuite>
