<?xml version="1.0" encoding="UTF-8"?>
<testsuite name="TestStringTemplates" tests="3" skipped="0" failures="0" errors="0" timestamp="2019-09-14T21:48:42" hostname="RgMacBookPro.fios-router.home" time="0.024">
  <properties/>
  <testcase name="match1" classname="TestStringTemplates" time="0.012"/>
  <testcase name="match" classname="TestStringTemplates" time="0.003"/>
  <testcase name="doNotMatch" classname="TestStringTemplates" time="0.006"/>
  <system-out><![CDATA[]]></system-out>
  <system-err><![CDATA[]]></system-err>
</testsuite>
